<?xml version="1.0" encoding="UTF-8"?>
<!-- Generated by org.testng.reporters.JUnitReportReporter -->
<testsuite hostname="LAPTOP-7PVT4FJ8" failures="0" tests="3" name="config.TestScript" time="2.416" errors="0" timestamp="2022-12-04T15:41:37 IST" skipped="0">
  <testcase classname="config.TestScript" name="Users" time="1.524"/>
  <system-out>
    <![CDATA[Executing Users Test]]>
  </system-out>
  <testcase classname="config.TestScript" name="Roles" time="0.398"/>
  <system-out>
    <![CDATA[Executing Roles Test]]>
  </system-out>
  <testcase classname="config.TestScript" name="Branches" time="0.494"/>
  <system-out>
    <![CDATA[Executing Branches Test]]>
  </system-out>
</testsuite> <!-- config.TestScript -->
