<?xml version="1.0" encoding="UTF-8"?>
<!-- Generated by org.testng.reporters.JUnitReportReporter -->
<testsuite hostname="LAPTOP-7PVT4FJ8" failures="0" tests="3" name="config.TestScript" time="2.157" errors="0" timestamp="2022-12-05T16:55:39 IST" skipped="0">
  <testcase classname="config.TestScript" name="Users" time="1.173"/>
  <system-out>
    <![CDATA[Executing Users Test]]>
  </system-out>
  <testcase classname="config.TestScript" name="Roles" time="0.627"/>
  <system-out>
    <![CDATA[Executing Roles Test]]>
  </system-out>
  <testcase classname="config.TestScript" name="Branches" time="0.357"/>
  <system-out>
    <![CDATA[Executing Branches Test]]>
  </system-out>
</testsuite> <!-- config.TestScript -->
