<?xml version="1.0" encoding="UTF-8"?>
<!-- Generated by org.testng.reporters.JUnitReportReporter -->
<testsuite hostname="LAPTOP-7PVT4FJ8" failures="0" tests="5" name="config.Login" time="92.707" errors="0" timestamp="2022-12-05T16:57:48 IST" skipped="0">
  <testcase classname="config.Login" name="ValidateLogin" time="5.293"/>
  <system-out/>
  <testcase classname="config.Login" name="ValidateLogin" time="24.094"/>
  <system-out/>
  <testcase classname="config.Login" name="ValidateLogin" time="20.611"/>
  <system-out/>
  <testcase classname="config.Login" name="ValidateLogin" time="20.783"/>
  <system-out/>
  <testcase classname="config.Login" name="ValidateLogin" time="21.926"/>
  <system-out/>
</testsuite> <!-- config.Login -->
